{"total": {"lines":{"total":475,"covered":330,"skipped":0,"pct":69.47},"statements":{"total":523,"covered":342,"skipped":0,"pct":65.39},"functions":{"total":189,"covered":101,"skipped":0,"pct":53.43},"branches":{"total":401,"covered":233,"skipped":0,"pct":58.1},"branchesTrue":{"total":0,"covered":0,"skipped":0,"pct":100}}
,"C:\\Alessandro\\Work\\Attempts to Code\\V2 Ecosystem\\v2-resort\\frontend\\src\\app\\account\\loyalty\\page.tsx": {"lines":{"total":44,"covered":41,"skipped":0,"pct":93.18},"functions":{"total":12,"covered":9,"skipped":0,"pct":75},"statements":{"total":52,"covered":46,"skipped":0,"pct":88.46},"branches":{"total":65,"covered":46,"skipped":0,"pct":70.76}}
,"C:\\Alessandro\\Work\\Attempts to Code\\V2 Ecosystem\\v2-resort\\frontend\\src\\app\\admin\\[slug]\\bookings\\page.tsx": {"lines":{"total":57,"covered":48,"skipped":0,"pct":84.21},"functions":{"total":24,"covered":16,"skipped":0,"pct":66.66},"statements":{"total":63,"covered":51,"skipped":0,"pct":80.95},"branches":{"total":63,"covered":36,"skipped":0,"pct":57.14}}
,"C:\\Alessandro\\Work\\Attempts to Code\\V2 Ecosystem\\v2-resort\\frontend\\src\\app\\admin\\[slug]\\reservations\\page.tsx": {"lines":{"total":99,"covered":61,"skipped":0,"pct":61.61},"functions":{"total":56,"covered":23,"skipped":0,"pct":41.07},"statements":{"total":111,"covered":64,"skipped":0,"pct":57.65},"branches":{"total":68,"covered":42,"skipped":0,"pct":61.76}}
,"C:\\Alessandro\\Work\\Attempts to Code\\V2 Ecosystem\\v2-resort\\frontend\\src\\app\\admin\\[slug]\\waitlist\\page.tsx": {"lines":{"total":81,"covered":55,"skipped":0,"pct":67.9},"functions":{"total":43,"covered":26,"skipped":0,"pct":60.46},"statements":{"total":85,"covered":56,"skipped":0,"pct":65.88},"branches":{"total":46,"covered":29,"skipped":0,"pct":63.04}}
,"C:\\Alessandro\\Work\\Attempts to Code\\V2 Ecosystem\\v2-resort\\frontend\\src\\app\\admin\\settings\\payments\\page.tsx": {"lines":{"total":121,"covered":78,"skipped":0,"pct":64.46},"functions":{"total":39,"covered":20,"skipped":0,"pct":51.28},"statements":{"total":128,"covered":78,"skipped":0,"pct":60.93},"branches":{"total":81,"covered":45,"skipped":0,"pct":55.55}}
,"C:\\Alessandro\\Work\\Attempts to Code\\V2 Ecosystem\\v2-resort\\frontend\\src\\app\\login\\page.tsx": {"lines":{"total":73,"covered":47,"skipped":0,"pct":64.38},"functions":{"total":15,"covered":7,"skipped":0,"pct":46.66},"statements":{"total":84,"covered":47,"skipped":0,"pct":55.95},"branches":{"total":78,"covered":35,"skipped":0,"pct":44.87}}
}
